<?xml version="1.0" encoding="utf-8"?><testsuites name="pytest tests"><testsuite name="pytest" errors="0" failures="0" skipped="0" tests="14" time="15.998" timestamp="2026-02-09T15:36:09.702897+00:00" hostname="agent-env-04ff1b05-22a2-4335-a870-576791410dbe"><testcase classname="tests.test_pieces_api.TestPiecesAuthentication" name="test_pieces_requires_auth" time="0.475" /><testcase classname="tests.test_pieces_api.TestPiecesUpload" name="test_upload_piece_success" time="1.546" /><testcase classname="tests.test_pieces_api.TestPiecesUpload" name="test_upload_piece_no_conclusion" time="0.346" /><testcase classname="tests.test_pieces_api.TestPiecesUpload" name="test_upload_piece_exceeds_max_size" time="1.977" /><testcase classname="tests.test_pieces_api.TestPiecesList" name="test_get_pieces_list" time="0.422" /><testcase classname="tests.test_pieces_api.TestPiecesList" name="test_get_pieces_nonexistent_conclusion" time="0.319" /><testcase classname="tests.test_pieces_api.TestPiecesUpdate" name="test_update_piece_name" time="1.111" /><testcase classname="tests.test_pieces_api.TestPiecesUpdate" name="test_update_nonexistent_piece" time="0.318" /><testcase classname="tests.test_pieces_api.TestPiecesDelete" name="test_delete_piece_and_renumber" time="2.742" /><testcase classname="tests.test_pieces_api.TestPiecesDelete" name="test_delete_nonexistent_piece" time="0.423" /><testcase classname="tests.test_pieces_api.TestPiecesReorder" name="test_reorder_pieces" time="3.184" /><testcase classname="tests.test_pieces_api.TestPiecesDownload" name="test_download_piece" time="0.896" /><testcase classname="tests.test_pieces_api.TestPiecesDownload" name="test_download_nonexistent_piece" time="0.456" /><testcase classname="tests.test_pieces_api.TestPiecesAutoNumbering" name="test_auto_numbering_sequential" time="1.730" /></testsuite></testsuites>